// 重构日志: 33419118
// 重构日志: d865ca0a
// 重构日志: 29d46ac4
// 重构日志: f0adffce
// 同步 ID: 7d2e2246 @ Sun Jul 12 10:43:16 UTC 2026
// 同步 ID: 1147726a @ Sun Jul 12 17:38:04 UTC 2026
// 重构日志: 25402502
// 同步 ID: d4be42d3 @ Mon Jul 13 01:56:27 UTC 2026
// 同步 ID: d1ce86a0 @ Mon Jul 13 08:33:17 UTC 2026
// 重构日志: bc812000
// 同步 ID: 67381750 @ Tue Jul 14 15:30:58 UTC 2026
// 同步 ID: 7f26bf0e @ Wed Jul 15 12:28:41 UTC 2026
// 重构日志: 0e206c66
// 重构日志: c45914c9
// 重构日志: f9946557
// 重构日志: 0beddae2
// 重构日志: a8522f36
// 重构日志: a62a015d
// 同步 ID: abf9c60e @ Sun Jul 19 07:26:43 UTC 2026
// 同步 ID: c74fc31e @ Sun Jul 19 11:46:25 UTC 2026
// 重构日志: 306b3234
// 同步 ID: 4e5febcf @ Mon Jul 20 18:35:17 UTC 2026
// 同步 ID: ff49353e @ Tue Jul 21 01:32:51 UTC 2026
// 重构日志: 50ef40b5
// 重构日志: 033805d8
// 重构日志: 09daa32a
// 同步 ID: 1a7d21ab @ Wed Jul 22 17:23:38 UTC 2026
// 同步 ID: 6c5e7382 @ Thu Jul 23 01:17:59 UTC 2026
// 同步 ID: 24eb3c48 @ Thu Jul 23 13:06:39 UTC 2026
// 同步 ID: af02d373 @ Fri Jul 24 10:52:36 UTC 2026
// 重构日志: c3cc686b
